[debug] [2023-05-15T21:27:24.962Z] ----------------------------------------------------------------------
[debug] [2023-05-15T21:27:24.963Z] Command:       C:\Program Files\nodejs\node.exe C:\Users\Emiliano\AppData\Roaming\npm\node_modules\firebase-tools\lib\bin\firebase.js init
[debug] [2023-05-15T21:27:24.964Z] CLI Version:   12.0.0
[debug] [2023-05-15T21:27:24.964Z] Platform:      win32
[debug] [2023-05-15T21:27:24.964Z] Node Version:  v16.15.0
[debug] [2023-05-15T21:27:24.965Z] Time:          Mon May 15 2023 18:27:24 GMT-0300 (hora estándar de Argentina)
[debug] [2023-05-15T21:27:24.965Z] ----------------------------------------------------------------------
[debug] 
[debug] [2023-05-15T21:27:25.031Z] > command requires scopes: ["email","openid","https://www.googleapis.com/auth/cloudplatformprojects.readonly","https://www.googleapis.com/auth/firebase","https://www.googleapis.com/auth/cloud-platform"]
[debug] [2023-05-15T21:27:25.032Z] > authorizing via signed-in user (emibroggiakd@gmail.com)
[info] 
     ######## #### ########  ######## ########     ###     ######  ########
     ##        ##  ##     ## ##       ##     ##  ##   ##  ##       ##
     ######    ##  ########  ######   ########  #########  ######  ######
     ##        ##  ##    ##  ##       ##     ## ##     ##       ## ##
     ##       #### ##     ## ######## ########  ##     ##  ######  ########

You're about to initialize a Firebase project in this directory:

  C:\Users\Emiliano\Desktop\prueba\porfolio-front23

Before we get started, keep in mind:

  * You are initializing within an existing Firebase project directory

[info] 
=== Project Setup
[info] 
[info] First, let's associate this project directory with a Firebase project.
[info] You can create multiple project aliases by running firebase use --add, 
[info] but for now we'll just set up a default project.
[info] 
[debug] [2023-05-15T21:30:21.988Z] Using project from CLI flag: portfolio-emilianobroggi
[debug] [2023-05-15T21:30:21.990Z] >>> [apiv2][query] GET https://firebase.googleapis.com/v1beta1/projects/portfolio-emilianobroggi [none]
[debug] [2023-05-15T21:30:22.430Z] <<< [apiv2][status] GET https://firebase.googleapis.com/v1beta1/projects/portfolio-emilianobroggi 200
[debug] [2023-05-15T21:30:22.430Z] <<< [apiv2][body] GET https://firebase.googleapis.com/v1beta1/projects/portfolio-emilianobroggi {"projectId":"portfolio-emilianobroggi","projectNumber":"839429759482","displayName":"Portfolio-EmilianoBroggi","name":"projects/portfolio-emilianobroggi","resources":{"hostingSite":"portfolio-emilianobroggi"},"state":"ACTIVE","etag":"1_314e6200-e457-45b1-8e64-036116382097"}
[info] i  Using project portfolio-emilianobroggi (Portfolio-EmilianoBroggi) 
[info] 
=== Hosting Setup
[info] 
[info] Your public directory is the folder (relative to your project directory) that
[info] will contain Hosting assets to be uploaded with firebase deploy. If you
[info] have a build process for your assets, use your build's output directory.
[info] 
[info] +  Wrote dist/porfolio-front/404.html 
[debug] [2023-05-15T21:32:49.259Z] >>> [apiv2][query] GET https://www.gstatic.com/firebasejs/releases.json [none]
[debug] [2023-05-15T21:32:49.364Z] <<< [apiv2][status] GET https://www.gstatic.com/firebasejs/releases.json 200
[debug] [2023-05-15T21:32:49.364Z] <<< [apiv2][body] GET https://www.gstatic.com/firebasejs/releases.json {"current":{"version":"9.22.0","browserURL":"https://www.gstatic.com/firebasejs/9.22.0/firebase.js","packageURL":"https://www.gstatic.com/firebasejs/9.22.0/firebase.tgz"},"live":{"version":"9.22","browserURL":"https://www.gstatic.com/firebasejs/live/9.22/firebase.js","packageURL":"https://www.gstatic.com/firebasejs/live/9.22/firebase.tgz"},"components":{"analytics":"https://www.gstatic.com/firebasejs/9.22.0/firebase-analytics.js","app":"https://www.gstatic.com/firebasejs/9.22.0/firebase-app.js","app-check":"https://www.gstatic.com/firebasejs/9.22.0/firebase-app-check.js","auth":"https://www.gstatic.com/firebasejs/9.22.0/firebase-auth.js","auth/cordova":"https://www.gstatic.com/firebasejs/9.22.0/firebase-auth/cordova.js","auth/react-native":"https://www.gstatic.com/firebasejs/9.22.0/firebase-auth/react-native.js","functions":"https://www.gstatic.com/firebasejs/9.22.0/firebase-functions.js","firestore":"https://www.gstatic.com/firebasejs/9.22.0/firebase-firestore.js","firestore/lite":"https://www.gstatic.com/firebasejs/9.22.0/firebase-firestore/lite.js","installations":"https://www.gstatic.com/firebasejs/9.22.0/firebase-installations.js","storage":"https://www.gstatic.com/firebasejs/9.22.0/firebase-storage.js","performance":"https://www.gstatic.com/firebasejs/9.22.0/firebase-performance.js","remote-config":"https://www.gstatic.com/firebasejs/9.22.0/firebase-remote-config.js","messaging":"https://www.gstatic.com/firebasejs/9.22.0/firebase-messaging.js","messaging/sw":"https://www.gstatic.com/firebasejs/9.22.0/firebase-messaging/sw.js","database":"https://www.gstatic.com/firebasejs/9.22.0/firebase-database.js","firestore.memory":"https://www.gstatic.com/firebasejs/9.22.0/firebase-firestore.memory.js"}}
[info] i  Skipping write of dist/porfolio-front/index.html 
[info] 
[info] i  Detected a .git folder at C:\Users\Emiliano\Desktop\prueba\porfolio-front23 
[info] i  Authorizing with GitHub to upload your service account to a GitHub repository's secrets store. 
[info] 
[info] Visit this URL on this device to log in:
[info] https://github.com/login/oauth/authorize?client_id=89cf50f02ac6aaed3484&state=395783470&redirect_uri=http%3A%2F%2Flocalhost%3A9005&scope=read%3Auser%20repo%20public_repo
[info] 
[info] Waiting for authentication...
[debug] [2023-05-15T21:33:47.821Z] >>> [apiv2][query] POST https://github.com/login/oauth/access_token [none]
[debug] [2023-05-15T21:33:47.822Z] >>> [apiv2][body] POST https://github.com/login/oauth/access_token [stream]
[debug] [2023-05-15T21:33:48.237Z] <<< [apiv2][status] POST https://github.com/login/oauth/access_token 200
[debug] [2023-05-15T21:33:48.237Z] <<< [apiv2][body] POST https://github.com/login/oauth/access_token {"access_token":"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","token_type":"bearer","scope":"read:user,repo"}
[debug] [2023-05-15T21:33:48.248Z] >>> [apiv2][query] GET https://api.github.com/user [none]
[debug] [2023-05-15T21:33:48.648Z] <<< [apiv2][status] GET https://api.github.com/user 200
[debug] [2023-05-15T21:33:48.648Z] <<< [apiv2][body] GET https://api.github.com/user {"login":"Emibroggi","id":106171831,"node_id":"U_kgDOBlQNtw","avatar_url":"https://avatars.githubusercontent.com/u/106171831?v=4","gravatar_id":"","url":"https://api.github.com/users/Emibroggi","html_url":"https://github.com/Emibroggi","followers_url":"https://api.github.com/users/Emibroggi/followers","following_url":"https://api.github.com/users/Emibroggi/following{/other_user}","gists_url":"https://api.github.com/users/Emibroggi/gists{/gist_id}","starred_url":"https://api.github.com/users/Emibroggi/starred{/owner}{/repo}","subscriptions_url":"https://api.github.com/users/Emibroggi/subscriptions","organizations_url":"https://api.github.com/users/Emibroggi/orgs","repos_url":"https://api.github.com/users/Emibroggi/repos","events_url":"https://api.github.com/users/Emibroggi/events{/privacy}","received_events_url":"https://api.github.com/users/Emibroggi/received_events","type":"User","site_admin":false,"name":"Emiliano Broggi","company":null,"blog":"linkedin.com/in/emiliano-broggi/","location":null,"email":null,"hireable":null,"bio":"Front-end developer","twitter_username":null,"public_repos":5,"public_gists":0,"followers":1,"following":5,"created_at":"2022-05-24T15:24:50Z","updated_at":"2023-04-17T19:58:56Z","private_gists":0,"total_private_repos":5,"owned_private_repos":5,"disk_usage":59763,"collaborators":0,"two_factor_authentication":false,"plan":{"name":"free","space":976562499,"collaborators":0,"private_repos":10000}}
[info] 
[info] +  Success! Logged into GitHub as Emibroggi 
[info] 
